A51 MACRO ASSEMBLER  DSCR                                                                 12/16/2025 20:44:06 PAGE     1


MACRO ASSEMBLER A51 V7.08a
OBJECT MODULE PLACED IN DSCR.OBJ
ASSEMBLER INVOKED BY: C:\Keil\C51\BIN\A51.EXE DSCR.A51 NOMOD51 SET(SMALL) DEBUG EP

LOC  OBJ            LINE     SOURCE

                       1     ;;-----------------------------------------------------------------------------
                       2     ;;   File:      dscr.a51
                       3     ;;   Contents:  This file contains descriptor data tables.  
                       4     ;;
                       5     ;;   Copyright (c) 2003 Cypress Semiconductor, Inc. All rights reserved
                       6     ;;-----------------------------------------------------------------------------
                       7        
  0001                 8     DSCR_DEVICE   equ   1  ;; Descriptor type: Device
  0002                 9     DSCR_CONFIG   equ   2  ;; Descriptor type: Configuration
  0003                10     DSCR_STRING   equ   3  ;; Descriptor type: String
  0004                11     DSCR_INTRFC   equ   4  ;; Descriptor type: Interface
  0005                12     DSCR_ENDPNT   equ   5  ;; Descriptor type: Endpoint
  0006                13     DSCR_DEVQUAL  equ   6  ;; Descriptor type: Device Qualifier
                      14     
  0012                15     DSCR_DEVICE_LEN   equ   18
  0009                16     DSCR_CONFIG_LEN   equ    9
  0009                17     DSCR_INTRFC_LEN   equ    9
  0007                18     DSCR_ENDPNT_LEN   equ    7
  000A                19     DSCR_DEVQUAL_LEN  equ   10
                      20     
  0000                21     ET_CONTROL   equ   0   ;; Endpoint type: Control
  0001                22     ET_ISO       equ   1   ;; Endpoint type: Isochronous
  0002                23     ET_BULK      equ   2   ;; Endpoint type: Bulk
  0003                24     ET_INT       equ   3   ;; Endpoint type: Interrupt
                      25     
                      26     public      DeviceDscr, DeviceQualDscr, HighSpeedConfigDscr, FullSpeedConfigDscr, StringDsc
                             r, UserDscr
                      27     
                      28     ;; TGE  DSCR   SEGMENT   CODE
                      29     
                      30     ;;-----------------------------------------------------------------------------
                      31     ;; Global Variables
                      32     ;;-----------------------------------------------------------------------------
                      33     
                      34     ;; TGE      rseg DSCR                 ;; locate the descriptor table in on-part memory.
                      35     
----                  36                 cseg at 100H               ;; TODO: this needs to be changed before release
0100                  37     DeviceDscr:   
0100 12               38           db   DSCR_DEVICE_LEN      ;; Descriptor length
0101 01               39           db   DSCR_DEVICE          ;; Decriptor type
0102 0002             40           dw   0002H                ;; Specification Version (BCD)
0104 00               41           db   00H                  ;; Device class
0105 00               42           db   00H                  ;; Device sub-class
0106 00               43           db   00H                  ;; Device sub-sub-class
0107 40               44           db   64                   ;; Maximum packet size
0108 B404             45           dw  0B404H                ;; Vendor ID
010A F100             46           dw   0F100H                ;; Product ID (Sample Device)
010C 0000             47           dw   0000H                ;; Product version ID
010E 01               48           db   1                    ;; Manufacturer string index
010F 02               49           db   2                    ;; Product string index
0110 00               50           db   0                    ;; Serial number string index
0111 01               51           db   1                    ;; Number of configurations
                      52     
0112                  53     DeviceQualDscr:
0112 0A               54           db   DSCR_DEVQUAL_LEN     ;; Descriptor length
0113 06               55           db   DSCR_DEVQUAL         ;; Decriptor type
0114 0002             56           dw   0002H                ;; Specification Version (BCD)
0116 00               57           db   00H                  ;; Device class
A51 MACRO ASSEMBLER  DSCR                                                                 12/16/2025 20:44:06 PAGE     2

0117 00               58           db   00H                  ;; Device sub-class
0118 00               59           db   00H                  ;; Device sub-sub-class
0119 40               60           db   64                   ;; Maximum packet size
011A 01               61           db   1                    ;; Number of configurations
011B 00               62           db   0                    ;; Reserved
                      63     
011C                  64     HighSpeedConfigDscr:   
011C 09               65           db   DSCR_CONFIG_LEN      ;; Descriptor length
011D 02               66           db   DSCR_CONFIG          ;; Descriptor type
011E 27               67           db   (HighSpeedConfigDscrEnd-HighSpeedConfigDscr) mod 256 ;; Total Length (LSB)
011F 00               68           db   (HighSpeedConfigDscrEnd-HighSpeedConfigDscr)  /  256 ;; Total Length (MSB)
0120 01               69           db   1                    ;; Number of interfaces
0121 01               70           db   1                    ;; Configuration number
0122 00               71           db   0                    ;; Configuration string
0123 A0               72           db   10100000b            ;; Attributes (b7 - buspwr, b6 - selfpwr, b5 - rwu)
0124 32               73           db   50                   ;; Power requirement (div 2 ma)
                      74     
                      75     ;; Interface Descriptor
0125 09               76           db   DSCR_INTRFC_LEN      ;; Descriptor length
0126 04               77           db   DSCR_INTRFC          ;; Descriptor type
0127 00               78           db   0                    ;; Zero-based index of this interface
0128 00               79           db   0                    ;; Alternate setting
0129 03               80           db   3                    ;; Number of end points 
012A FF               81           db   0ffH                 ;; Interface class
012B 00               82           db   00H                  ;; Interface sub class
012C 00               83           db   00H                  ;; Interface sub sub class
012D 00               84           db   0                    ;; Interface descriptor string index
                      85           
                      86     ;; Endpoint Descriptor
012E 07               87           db   DSCR_ENDPNT_LEN      ;; Descriptor length
012F 05               88           db   DSCR_ENDPNT          ;; Descriptor type
0130 02               89           db   02H                  ;; Endpoint number, and direction
0131 02               90           db   ET_BULK              ;; Endpoint type
0132 00               91           db   00H                  ;; Maximum packet size (LSB)
0133 02               92           db   02H                  ;; Maximum packet size (MSB)
0134 00               93           db   00H                  ;; Polling interval
                      94     
                      95     ;; Endpoint Descriptor
0135 07               96           db   DSCR_ENDPNT_LEN      ;; Descriptor length
0136 05               97           db   DSCR_ENDPNT          ;; Descriptor type
0137 84               98           db   84H                  ;; Endpoint number, and direction
0138 02               99           db   ET_BULK              ;; Endpoint type
0139 00              100           db   00H                  ;; Maximum packet size (LSB)
013A 02              101           db   02H                  ;; Maximum packet size (MSB)
013B 00              102           db   00H                  ;; Polling interval
                     103     
                     104     ;; Endpoint Descriptor
013C 07              105           db   DSCR_ENDPNT_LEN      ;; Descriptor length
013D 05              106           db   DSCR_ENDPNT          ;; Descriptor type
013E 86              107           db   86H                  ;; Endpoint number, and direction
013F 02              108           db   ET_BULK              ;; Endpoint type
0140 00              109           db   00H                  ;; Maximum packet size (LSB)
0141 02              110           db   02H                  ;; Maximum packet size (MSB)
0142 00              111           db   00H                  ;; Polling interval
                     112     
0143                 113     HighSpeedConfigDscrEnd:   
                     114     
0143                 115     FullSpeedConfigDscr:   
0143 09              116           db   DSCR_CONFIG_LEN      ;; Descriptor length
0144 02              117           db   DSCR_CONFIG          ;; Descriptor type
0145 20              118           db   (FullSpeedConfigDscrEnd-FullSpeedConfigDscr) mod 256 ;; Total Length (LSB)
0146 00              119           db   (FullSpeedConfigDscrEnd-FullSpeedConfigDscr)  /  256 ;; Total Length (MSB)
0147 01              120           db   1                    ;; Number of interfaces
0148 01              121           db   1                    ;; Configuration number
0149 00              122           db   0                    ;; Configuration string
014A A0              123           db   10100000b            ;; Attributes (b7 - buspwr, b6 - selfpwr, b5 - rwu)
A51 MACRO ASSEMBLER  DSCR                                                                 12/16/2025 20:44:06 PAGE     3

014B 32              124           db   50                   ;; Power requirement (div 2 ma)
                     125     
                     126     ;; Interface Descriptor
014C 09              127           db   DSCR_INTRFC_LEN      ;; Descriptor length
014D 04              128           db   DSCR_INTRFC          ;; Descriptor type
014E 00              129           db   0                    ;; Zero-based index of this interface
014F 00              130           db   0                    ;; Alternate setting
0150 02              131           db   2                    ;; Number of end points 
0151 FF              132           db   0ffH                 ;; Interface class
0152 00              133           db   00H                  ;; Interface sub class
0153 00              134           db   00H                  ;; Interface sub sub class
0154 00              135           db   0                    ;; Interface descriptor string index
                     136           
                     137     ;; Endpoint Descriptor
0155 07              138           db   DSCR_ENDPNT_LEN      ;; Descriptor length
0156 05              139           db   DSCR_ENDPNT          ;; Descriptor type
0157 04              140           db   04H                  ;; Endpoint number, and direction
0158 02              141           db   ET_BULK              ;; Endpoint type
0159 40              142           db   40H                  ;; Maximum packet size (LSB)
015A 00              143           db   00H                  ;; Maximum packet size (MSB)
015B 00              144           db   00H                  ;; Polling interval
                     145     
                     146     ;; Endpoint Descriptor
015C 07              147           db   DSCR_ENDPNT_LEN      ;; Descriptor length
015D 05              148           db   DSCR_ENDPNT          ;; Descriptor type
015E 88              149           db   88H                  ;; Endpoint number, and direction
015F 02              150           db   ET_BULK              ;; Endpoint type
0160 40              151           db   40H                  ;; Maximum packet size (LSB)
0161 00              152           db   00H                  ;; Maximum packet size (MSB)
0162 00              153           db   00H                  ;; Polling interval
                     154     
0163                 155     FullSpeedConfigDscrEnd:   
                     156     
0163                 157     StringDscr:
                     158     
0163                 159     StringDscr0:   
0163 04              160           db   StringDscr0End-StringDscr0      ;; String descriptor length
0164 03              161           db   DSCR_STRING
0165 0904            162           db   09H,04H
0167                 163     StringDscr0End:
                     164     
0167                 165     StringDscr1:   
0167 10              166           db   StringDscr1End-StringDscr1      ;; String descriptor length
0168 03              167           db   DSCR_STRING
0169 4300            168           db   'C',00
016B 7900            169           db   'y',00
016D 7000            170           db   'p',00
016F 7200            171           db   'r',00
0171 6500            172           db   'e',00
0173 7300            173           db   's',00
0175 7300            174           db   's',00
0177                 175     StringDscr1End:
                     176     
0177                 177     StringDscr2:   
0177 7C              178           db   StringDscr2End-StringDscr2      ;; Descriptor length
0178 03              179           db   DSCR_STRING
0179 4500            180           db   'E',00
017B 5A00            181           db   'Z',00
017D 2D00            182           db   '-',00
017F 5500            183           db   'U',00
0181 5300            184           db   'S',00
0183 4200            185           db   'B',00
0185 2000            186           db   ' ',00
0187 4600            187           db   'F',00
0189 5800            188           db   'X',00
018B 3200            189           db   '2',00
A51 MACRO ASSEMBLER  DSCR                                                                 12/16/2025 20:44:06 PAGE     4

018D 2000            190           db   ' ',00
018F 4700            191           db   'G',00
0191 5000            192           db   'P',00
0193 4900            193           db   'I',00
0195 4600            194           db   'F',00
0197 2000            195           db   ' ',00
0199 7400            196           db   't',00
019B 6F00            197           db   'o',00
019D 2000            198           db   ' ',00
019F 4500            199           db   'E',00
01A1 7800            200           db   'x',00
01A3 7400            201           db   't',00
01A5 2000            202           db   ' ',00
01A7 4600            203           db   'F',00
01A9 4900            204           db   'I',00
01AB 4600            205           db   'F',00
01AD 4F00            206           db   'O',00
01AF 2000            207           db   ' ',00
01B1 4500            208           db   'E',00
01B3 7800            209           db   'x',00
01B5 6100            210           db   'a',00
01B7 6D00            211           db   'm',00
01B9 7000            212           db   'p',00
01BB 6C00            213           db   'l',00
01BD 6500            214           db   'e',00
01BF 2000            215           db   ' ',00
01C1 7500            216           db   'u',00
01C3 7300            217           db   's',00
01C5 6900            218           db   'i',00
01C7 6E00            219           db   'n',00
01C9 6700            220           db   'g',00
01CB 2000            221           db   ' ',00
01CD 5300            222           db   'S',00
01CF 6900            223           db   'i',00
01D1 6E00            224           db   'n',00
01D3 6700            225           db   'g',00
01D5 6C00            226           db   'l',00
01D7 6500            227           db   'e',00
01D9 2000            228           db   ' ',00
01DB 5400            229           db   'T',00
01DD 7200            230           db   'r',00
01DF 6100            231           db   'a',00
01E1 6E00            232           db   'n',00
01E3 7300            233           db   's',00
01E5 6100            234           db   'a',00
01E7 6300            235           db   'c',00
01E9 7400            236           db   't',00
01EB 6900            237           db   'i',00
01ED 6F00            238           db   'o',00
01EF 6E00            239           db   'n',00
01F1 7300            240           db   's',00
01F3                 241     StringDscr2End:
                     242     
01F3                 243     UserDscr:      
01F3 0000            244           dw   0000H
                     245           end
                                   
A51 MACRO ASSEMBLER  DSCR                                                                 12/16/2025 20:44:06 PAGE     5

SYMBOL TABLE LISTING
------ ----- -------


N A M E                 T Y P E  V A L U E   ATTRIBUTES

DEVICEDSCR . . . . . .  C ADDR   0100H   A   
DEVICEQUALDSCR . . . .  C ADDR   0112H   A   
DSCR_CONFIG. . . . . .  N NUMB   0002H   A   
DSCR_CONFIG_LEN. . . .  N NUMB   0009H   A   
DSCR_DEVICE. . . . . .  N NUMB   0001H   A   
DSCR_DEVICE_LEN. . . .  N NUMB   0012H   A   
DSCR_DEVQUAL . . . . .  N NUMB   0006H   A   
DSCR_DEVQUAL_LEN . . .  N NUMB   000AH   A   
DSCR_ENDPNT. . . . . .  N NUMB   0005H   A   
DSCR_ENDPNT_LEN. . . .  N NUMB   0007H   A   
DSCR_INTRFC. . . . . .  N NUMB   0004H   A   
DSCR_INTRFC_LEN. . . .  N NUMB   0009H   A   
DSCR_STRING. . . . . .  N NUMB   0003H   A   
ET_BULK. . . . . . . .  N NUMB   0002H   A   
ET_CONTROL . . . . . .  N NUMB   0000H   A   
ET_INT . . . . . . . .  N NUMB   0003H   A   
ET_ISO . . . . . . . .  N NUMB   0001H   A   
FULLSPEEDCONFIGDSCR. .  C ADDR   0143H   A   
FULLSPEEDCONFIGDSCREND  C ADDR   0163H   A   
HIGHSPEEDCONFIGDSCR. .  C ADDR   011CH   A   
HIGHSPEEDCONFIGDSCREND  C ADDR   0143H   A   
STRINGDSCR . . . . . .  C ADDR   0163H   A   
STRINGDSCR0. . . . . .  C ADDR   0163H   A   
STRINGDSCR0END . . . .  C ADDR   0167H   A   
STRINGDSCR1. . . . . .  C ADDR   0167H   A   
STRINGDSCR1END . . . .  C ADDR   0177H   A   
STRINGDSCR2. . . . . .  C ADDR   0177H   A   
STRINGDSCR2END . . . .  C ADDR   01F3H   A   
USERDSCR . . . . . . .  C ADDR   01F3H   A   


REGISTER BANK(S) USED: 0 


ASSEMBLY COMPLETE.  0 WARNING(S), 0 ERROR(S)
